C:\USERS\OANA\DESKTOP\MPI\ARRAYMPI\ARRAYMPI\DEBUG\ARRAY.OBJ
C:\USERS\OANA\DESKTOP\MPI\ARRAYMPI\ARRAYMPI\DEBUG\VC110.PDB
C:\USERS\OANA\DESKTOP\MPI\ARRAYMPI\DEBUG\ARRAYMPI.ILK
C:\USERS\OANA\DESKTOP\MPI\ARRAYMPI\DEBUG\ARRAYMPI.EXE
C:\USERS\OANA\DESKTOP\MPI\ARRAYMPI\DEBUG\ARRAYMPI.PDB
C:\Users\Oana\Desktop\mpi\ARRAYmpi\ARRAYmpi\Debug\array.obj
C:\Users\Oana\Desktop\mpi\ARRAYmpi\ARRAYmpi\Debug\cl.command.1.tlog
C:\Users\Oana\Desktop\mpi\ARRAYmpi\ARRAYmpi\Debug\CL.read.1.tlog
C:\Users\Oana\Desktop\mpi\ARRAYmpi\ARRAYmpi\Debug\CL.write.1.tlog
C:\Users\Oana\Desktop\mpi\ARRAYmpi\ARRAYmpi\Debug\link-cvtres.read.1.tlog
C:\Users\Oana\Desktop\mpi\ARRAYmpi\ARRAYmpi\Debug\link-cvtres.write.1.tlog
C:\Users\Oana\Desktop\mpi\ARRAYmpi\ARRAYmpi\Debug\link-rc.read.1.tlog
C:\Users\Oana\Desktop\mpi\ARRAYmpi\ARRAYmpi\Debug\link-rc.write.1.tlog
C:\Users\Oana\Desktop\mpi\ARRAYmpi\ARRAYmpi\Debug\link.command.1.tlog
C:\Users\Oana\Desktop\mpi\ARRAYmpi\ARRAYmpi\Debug\link.read.1.tlog
C:\Users\Oana\Desktop\mpi\ARRAYmpi\ARRAYmpi\Debug\link.write.1.tlog
C:\Users\Oana\Desktop\mpi\ARRAYmpi\ARRAYmpi\Debug\vc110.idb
C:\Users\Oana\Desktop\mpi\ARRAYmpi\ARRAYmpi\Debug\vc110.pdb
C:\Users\Oana\Desktop\mpi\ARRAYmpi\Debug\ARRAYmpi.pdb
C:\Users\Oana\Desktop\mpi\ARRAYmpi\Debug\ARRAYmpi.exe
C:\Users\Oana\Desktop\mpi\ARRAYmpi\Debug\ARRAYmpi.ilk
