C:\USERS\OANA\DESKTOP\MPI\MPI_PRIME\MPI_PRIME\DEBUG\MPI.OBJ
C:\USERS\OANA\DESKTOP\MPI\MPI_PRIME\MPI_PRIME\DEBUG\VC110.PDB
C:\USERS\OANA\DESKTOP\MPI\MPI_PRIME\DEBUG\MPI_PRIME.ILK
C:\USERS\OANA\DESKTOP\MPI\MPI_PRIME\DEBUG\MPI_PRIME.EXE
C:\USERS\OANA\DESKTOP\MPI\MPI_PRIME\DEBUG\MPI_PRIME.PDB
C:\Users\Oana\Desktop\mpi\mpi_prime\mpi_prime\Debug\mpi.obj
C:\Users\Oana\Desktop\mpi\mpi_prime\mpi_prime\Debug\cl.command.1.tlog
C:\Users\Oana\Desktop\mpi\mpi_prime\mpi_prime\Debug\CL.read.1.tlog
C:\Users\Oana\Desktop\mpi\mpi_prime\mpi_prime\Debug\CL.write.1.tlog
C:\Users\Oana\Desktop\mpi\mpi_prime\mpi_prime\Debug\link-cvtres.read.1.tlog
C:\Users\Oana\Desktop\mpi\mpi_prime\mpi_prime\Debug\link-cvtres.write.1.tlog
C:\Users\Oana\Desktop\mpi\mpi_prime\mpi_prime\Debug\link-rc.read.1.tlog
C:\Users\Oana\Desktop\mpi\mpi_prime\mpi_prime\Debug\link-rc.write.1.tlog
C:\Users\Oana\Desktop\mpi\mpi_prime\mpi_prime\Debug\link.command.1.tlog
C:\Users\Oana\Desktop\mpi\mpi_prime\mpi_prime\Debug\link.read.1.tlog
C:\Users\Oana\Desktop\mpi\mpi_prime\mpi_prime\Debug\link.write.1.tlog
C:\Users\Oana\Desktop\mpi\mpi_prime\mpi_prime\Debug\vc110.idb
C:\Users\Oana\Desktop\mpi\mpi_prime\mpi_prime\Debug\vc110.pdb
C:\Users\Oana\Desktop\mpi\mpi_prime\Debug\mpi_prime.pdb
C:\Users\Oana\Desktop\mpi\mpi_prime\Debug\mpi_prime.exe
C:\Users\Oana\Desktop\mpi\mpi_prime\Debug\mpi_prime.ilk
