C:\USERS\OANA\DESKTOP\MPI\MPI_FLOYD\MPI_FLOYD\DEBUG\SOURCE.OBJ
C:\USERS\OANA\DESKTOP\MPI\MPI_FLOYD\MPI_FLOYD\DEBUG\VC110.PDB
C:\USERS\OANA\DESKTOP\MPI\MPI_FLOYD\DEBUG\MPI_FLOYD.ILK
C:\USERS\OANA\DESKTOP\MPI\MPI_FLOYD\DEBUG\MPI_FLOYD.EXE
C:\USERS\OANA\DESKTOP\MPI\MPI_FLOYD\DEBUG\MPI_FLOYD.PDB
C:\Users\Oana\Desktop\mpi\mpi_floyd\mpi_floyd\Debug\Source.obj
C:\Users\Oana\Desktop\mpi\mpi_floyd\mpi_floyd\Debug\cl.command.1.tlog
C:\Users\Oana\Desktop\mpi\mpi_floyd\mpi_floyd\Debug\CL.read.1.tlog
C:\Users\Oana\Desktop\mpi\mpi_floyd\mpi_floyd\Debug\CL.write.1.tlog
C:\Users\Oana\Desktop\mpi\mpi_floyd\mpi_floyd\Debug\link-cvtres.read.1.tlog
C:\Users\Oana\Desktop\mpi\mpi_floyd\mpi_floyd\Debug\link-cvtres.write.1.tlog
C:\Users\Oana\Desktop\mpi\mpi_floyd\mpi_floyd\Debug\link-rc.read.1.tlog
C:\Users\Oana\Desktop\mpi\mpi_floyd\mpi_floyd\Debug\link-rc.write.1.tlog
C:\Users\Oana\Desktop\mpi\mpi_floyd\mpi_floyd\Debug\link.command.1.tlog
C:\Users\Oana\Desktop\mpi\mpi_floyd\mpi_floyd\Debug\link.read.1.tlog
C:\Users\Oana\Desktop\mpi\mpi_floyd\mpi_floyd\Debug\link.write.1.tlog
C:\Users\Oana\Desktop\mpi\mpi_floyd\mpi_floyd\Debug\vc110.idb
C:\Users\Oana\Desktop\mpi\mpi_floyd\mpi_floyd\Debug\vc110.pdb
C:\Users\Oana\Desktop\mpi\mpi_floyd\Debug\mpi_floyd.pdb
C:\Users\Oana\Desktop\mpi\mpi_floyd\Debug\mpi_floyd.exe
C:\Users\Oana\Desktop\mpi\mpi_floyd\Debug\mpi_floyd.ilk
