C:\USERS\OANA\DESKTOP\MPI\ARRAYMPI2\ARRAYMPI2\DEBUG\ARRAYMPI.OBJ
C:\USERS\OANA\DESKTOP\MPI\ARRAYMPI2\ARRAYMPI2\DEBUG\VC110.PDB
C:\USERS\OANA\DESKTOP\MPI\ARRAYMPI2\DEBUG\ARRAYMPI2.ILK
C:\USERS\OANA\DESKTOP\MPI\ARRAYMPI2\DEBUG\ARRAYMPI2.EXE
C:\USERS\OANA\DESKTOP\MPI\ARRAYMPI2\DEBUG\ARRAYMPI2.PDB
C:\Users\Oana\Desktop\mpi\ARRAYmpi2\ARRAYmpi2\Debug\arraympi.obj
C:\Users\Oana\Desktop\mpi\ARRAYmpi2\ARRAYmpi2\Debug\cl.command.1.tlog
C:\Users\Oana\Desktop\mpi\ARRAYmpi2\ARRAYmpi2\Debug\CL.read.1.tlog
C:\Users\Oana\Desktop\mpi\ARRAYmpi2\ARRAYmpi2\Debug\CL.write.1.tlog
C:\Users\Oana\Desktop\mpi\ARRAYmpi2\ARRAYmpi2\Debug\link-cvtres.read.1.tlog
C:\Users\Oana\Desktop\mpi\ARRAYmpi2\ARRAYmpi2\Debug\link-cvtres.write.1.tlog
C:\Users\Oana\Desktop\mpi\ARRAYmpi2\ARRAYmpi2\Debug\link-rc.read.1.tlog
C:\Users\Oana\Desktop\mpi\ARRAYmpi2\ARRAYmpi2\Debug\link-rc.write.1.tlog
C:\Users\Oana\Desktop\mpi\ARRAYmpi2\ARRAYmpi2\Debug\link.command.1.tlog
C:\Users\Oana\Desktop\mpi\ARRAYmpi2\ARRAYmpi2\Debug\link.read.1.tlog
C:\Users\Oana\Desktop\mpi\ARRAYmpi2\ARRAYmpi2\Debug\link.write.1.tlog
C:\Users\Oana\Desktop\mpi\ARRAYmpi2\ARRAYmpi2\Debug\vc110.idb
C:\Users\Oana\Desktop\mpi\ARRAYmpi2\ARRAYmpi2\Debug\vc110.pdb
C:\Users\Oana\Desktop\mpi\ARRAYmpi2\Debug\ARRAYmpi2.pdb
C:\Users\Oana\Desktop\mpi\ARRAYmpi2\Debug\ARRAYmpi2.exe
C:\Users\Oana\Desktop\mpi\ARRAYmpi2\Debug\ARRAYmpi2.ilk
